Using pre-set license
Built from '2022.3/staging' branch; Version is '2022.3.44f1 (c3ae09b9f03c) revision 12824073'; Using compiler version '192829333'; Build Type 'Release'
OS: 'Windows 11  (10.0.22631) 64bit Professional' Language: 'zh' Physical Memory: 130984 MB
BatchMode: 1, IsHumanControllingUs: 0, StartBugReporterOnCrash: 0, Is64bit: 1, IsPro: 1

COMMAND LINE ARGUMENTS:
C:\Program Files\Unity\Hub\Editor\2022.3.44f1\Editor\Unity.exe
-adb2
-batchMode
-noUpm
-name
AssetImportWorker6
-projectPath
C:/Users/jimmy_kuo/UnityProjects/VuforiaTest/VuforiaTest
-logFile
Logs/AssetImportWorker6.log
-srvPort
3609
Successfully changed project path to: C:/Users/jimmy_kuo/UnityProjects/VuforiaTest/VuforiaTest
C:/Users/jimmy_kuo/UnityProjects/VuforiaTest/VuforiaTest
[UnityMemory] Configuration Parameters - Can be set up in boot.config
    "memorysetup-bucket-allocator-granularity=16"
    "memorysetup-bucket-allocator-bucket-count=8"
    "memorysetup-bucket-allocator-block-size=33554432"
    "memorysetup-bucket-allocator-block-count=8"
    "memorysetup-main-allocator-block-size=16777216"
    "memorysetup-thread-allocator-block-size=16777216"
    "memorysetup-gfx-main-allocator-block-size=16777216"
    "memorysetup-gfx-thread-allocator-block-size=16777216"
    "memorysetup-cache-allocator-block-size=4194304"
    "memorysetup-typetree-allocator-block-size=2097152"
    "memorysetup-profiler-bucket-allocator-granularity=16"
    "memorysetup-profiler-bucket-allocator-bucket-count=8"
    "memorysetup-profiler-bucket-allocator-block-size=33554432"
    "memorysetup-profiler-bucket-allocator-block-count=8"
    "memorysetup-profiler-allocator-block-size=16777216"
    "memorysetup-profiler-editor-allocator-block-size=1048576"
    "memorysetup-temp-allocator-size-main=16777216"
    "memorysetup-job-temp-allocator-block-size=2097152"
    "memorysetup-job-temp-allocator-block-size-background=1048576"
    "memorysetup-job-temp-allocator-reduction-small-platforms=262144"
    "memorysetup-allocator-temp-initial-block-size-main=262144"
    "memorysetup-allocator-temp-initial-block-size-worker=262144"
    "memorysetup-temp-allocator-size-background-worker=32768"
    "memorysetup-temp-allocator-size-job-worker=262144"
    "memorysetup-temp-allocator-size-preload-manager=33554432"
    "memorysetup-temp-allocator-size-nav-mesh-worker=65536"
    "memorysetup-temp-allocator-size-audio-worker=65536"
    "memorysetup-temp-allocator-size-cloud-worker=32768"
    "memorysetup-temp-allocator-size-gi-baking-worker=262144"
    "memorysetup-temp-allocator-size-gfx=262144"
Player connection [14340]  Target information:

Player connection [14340]  * "[IP] 192.168.2.140 [Port] 0 [Flags] 2 [Guid] 2873563711 [EditorId] 2873563711 [Version] 1048832 [Id] WindowsEditor(7,DESKTOP-B8DA7PT) [Debug] 1 [PackageName] WindowsEditor [ProjectName] Editor" 

Player connection [14340] Host joined multi-casting on [225.0.0.222:54997]...
Player connection [14340] Host joined alternative multi-casting on [225.0.0.222:34997]...
[PhysX] Initialized MultithreadedTaskDispatcher with 32 workers.
Refreshing native plugins compatible for Editor in 22.54 ms, found 12 plugins.
Preloading 1 native plugins for Editor in 1.22 ms.
Initialize engine version: 2022.3.44f1 (c3ae09b9f03c)
[Subsystems] Discovering subsystems at path C:/Program Files/Unity/Hub/Editor/2022.3.44f1/Editor/Data/Resources/UnitySubsystems
[Subsystems] Discovering subsystems at path C:/Users/jimmy_kuo/UnityProjects/VuforiaTest/VuforiaTest/Assets
GfxDevice: creating device client; threaded=0; jobified=0
Direct3D:
    Version:  Direct3D 11.0 [level 11.1]
    Renderer: NVIDIA GeForce RTX 3080 Ti (ID=0x2208)
    Vendor:   NVIDIA
    VRAM:     12086 MB
    Driver:   32.0.15.6094
Initialize mono
Mono path[0] = 'C:/Program Files/Unity/Hub/Editor/2022.3.44f1/Editor/Data/Managed'
Mono path[1] = 'C:/Program Files/Unity/Hub/Editor/2022.3.44f1/Editor/Data/MonoBleedingEdge/lib/mono/unityjit-win32'
Mono config path = 'C:/Program Files/Unity/Hub/Editor/2022.3.44f1/Editor/Data/MonoBleedingEdge/etc'
Using monoOptions --debugger-agent=transport=dt_socket,embedding=1,server=y,suspend=n,address=127.0.0.1:56744
Begin MonoManager ReloadAssembly
Registering precompiled unity dll's ...
Register platform support module: C:/Program Files/Unity/Hub/Editor/2022.3.44f1/Editor/Data/PlaybackEngines/AndroidPlayer/UnityEditor.Android.Extensions.dll
Register platform support module: C:/Program Files/Unity/Hub/Editor/2022.3.44f1/Editor/Data/PlaybackEngines/WindowsStandaloneSupport/UnityEditor.WindowsStandalone.Extensions.dll
Registered in 0.005240 seconds.
- Loaded All Assemblies, in  0.233 seconds
Native extension for WindowsStandalone target not found
Native extension for Android target not found
Android Extension - Scanning For ADB Devices 185 ms
Mono: successfully reloaded assembly
- Finished resetting the current domain, in  0.385 seconds
Domain Reload Profiling: 618ms
	BeginReloadAssembly (70ms)
		ExecutionOrderSort (0ms)
		DisableScriptedObjects (0ms)
		BackupInstance (0ms)
		ReleaseScriptingObjects (0ms)
		CreateAndSetChildDomain (1ms)
	RebuildCommonClasses (23ms)
	RebuildNativeTypeToScriptingClass (7ms)
	initialDomainReloadingComplete (39ms)
	LoadAllAssembliesAndSetupDomain (93ms)
		LoadAssemblies (69ms)
		RebuildTransferFunctionScriptingTraits (0ms)
		AnalyzeDomain (92ms)
			TypeCache.Refresh (90ms)
				TypeCache.ScanAssembly (82ms)
			ScanForSourceGeneratedMonoScriptInfo (0ms)
			ResolveRequiredComponents (0ms)
	FinalizeReload (386ms)
		ReleaseScriptCaches (0ms)
		RebuildScriptCaches (0ms)
		SetupLoadedEditorAssemblies (357ms)
			LogAssemblyErrors (0ms)
			InitializePlatformSupportModulesInManaged (238ms)
			SetLoadedEditorAssemblies (3ms)
			RefreshPlugins (0ms)
			BeforeProcessingInitializeOnLoad (2ms)
			ProcessInitializeOnLoadAttributes (82ms)
			ProcessInitializeOnLoadMethodAttributes (32ms)
			AfterProcessingInitializeOnLoad (0ms)
			EditorAssembliesLoaded (0ms)
		ExecutionOrderSort2 (0ms)
		AwakeInstancesAfterBackupRestoration (0ms)
========================================================================
Worker process is ready to serve import requests
Caller must complete domain reload
Begin MonoManager ReloadAssembly
- Loaded All Assemblies, in  0.534 seconds
Native extension for WindowsStandalone target not found
Native extension for Android target not found
Package Manager log level set to [2]
[Package Manager] Server::EnsureServerProcessIsRunning -- launch failed, reason: Unity was launched with the -noUpm command-line argument
[Package Manager] UpmClient::Send -- Unable to send message (not connected to UPM process).
[Package Manager] Cannot connect to Unity Package Manager local server
Mono: successfully reloaded assembly
[Package Manager] Server::EnsureServerProcessIsRunning -- launch failed, reason: Unity was launched with the -noUpm command-line argument
[Package Manager] UpmClient::Send -- Unable to send message (not connected to UPM process).
[Package Manager] Cannot connect to Unity Package Manager local server
[Package Manager] Server::EnsureServerProcessIsRunning -- launch failed, reason: Unity was launched with the -noUpm command-line argument
[Package Manager] UpmClient::Send -- Unable to send message (not connected to UPM process).
[Package Manager] Cannot connect to Unity Package Manager local server
[Package Manager] Server::EnsureServerProcessIsRunning -- launch failed, reason: Unity was launched with the -noUpm command-line argument
[Package Manager] UpmClient::Send -- Unable to send message (not connected to UPM process).
[Package Manager] Cannot connect to Unity Package Manager local server
[Package Manager] Server::EnsureServerProcessIsRunning -- launch failed, reason: Unity was launched with the -noUpm command-line argument
[Package Manager] UpmClient::Send -- Unable to send message (not connected to UPM process).
[Package Manager] Cannot connect to Unity Package Manager local server
- Finished resetting the current domain, in  0.729 seconds
Domain Reload Profiling: 1259ms
	BeginReloadAssembly (99ms)
		ExecutionOrderSort (0ms)
		DisableScriptedObjects (4ms)
		BackupInstance (0ms)
		ReleaseScriptingObjects (0ms)
		CreateAndSetChildDomain (16ms)
	RebuildCommonClasses (22ms)
	RebuildNativeTypeToScriptingClass (7ms)
	initialDomainReloadingComplete (29ms)
	LoadAllAssembliesAndSetupDomain (372ms)
		LoadAssemblies (236ms)
		RebuildTransferFunctionScriptingTraits (0ms)
		AnalyzeDomain (192ms)
			TypeCache.Refresh (158ms)
				TypeCache.ScanAssembly (144ms)
			ScanForSourceGeneratedMonoScriptInfo (25ms)
			ResolveRequiredComponents (8ms)
	FinalizeReload (729ms)
		ReleaseScriptCaches (0ms)
		RebuildScriptCaches (0ms)
		SetupLoadedEditorAssemblies (615ms)
			LogAssemblyErrors (0ms)
			InitializePlatformSupportModulesInManaged (13ms)
			SetLoadedEditorAssemblies (4ms)
			RefreshPlugins (0ms)
			BeforeProcessingInitializeOnLoad (89ms)
			ProcessInitializeOnLoadAttributes (428ms)
			ProcessInitializeOnLoadMethodAttributes (76ms)
			AfterProcessingInitializeOnLoad (4ms)
			EditorAssembliesLoaded (0ms)
		ExecutionOrderSort2 (0ms)
		AwakeInstancesAfterBackupRestoration (4ms)
Launched and connected shader compiler UnityShaderCompiler.exe after 0.03 seconds
Refreshing native plugins compatible for Editor in 15.41 ms, found 12 plugins.
Preloading 1 native plugins for Editor in 0.04 ms.
Unloading 6909 Unused Serialized files (Serialized files now loaded: 0)
Unloading 117 unused Assets / (2.0 MB). Loaded Objects now: 7328.
Memory consumption went from 261.6 MB to 259.5 MB.
Total: 5.376500 ms (FindLiveObjects: 0.469400 ms CreateObjectMapping: 0.460000 ms MarkObjects: 3.647500 ms  DeleteObjects: 0.798700 ms)

AssetImportParameters requested are different than current active one (requested -> active):
  custom:container-demuxer-ogg: 62fdf1f143b41e24485cea50d1cbac27 -> 
  custom:framework-win-MediaFoundation: 216162199b28c13a410421893ffa2e32 -> 
  custom:container-muxer-webm: aa71ff27fc2769a1b78a27578f13a17b -> 
  custom:video-decoder-webm-vp8: 9c59270c3fd7afecdb556c50c9e8de78 -> 
  custom:SearchIndexIgnoredProperties: e643bd26f0fe6173181afceb89e7c659 -> 
  custom:AudioImporter_EditorPlatform: d09bf68614088b80899f8185d706f6e7 -> 
  custom:audio-decoder-ogg-vorbis: bf7c407c2cedff20999df2af8eb42d56 -> 
  custom:audio-encoder-webm-vorbis: bf7c407c2cedff20999df2af8eb42d56 -> 
  custom:video-codec-MediaFoundation-h265: 746d11721c4dcdbdad8f713fa42b33f4 -> 
  custom:video-decoder-ogg-theora: a1e56fd34408186e4bbccfd4996cb3dc -> 
  custom:CustomObjectIndexerAttribute: 72b91833f83ae208fae7752999fa3104 -> 
  custom:container-demuxer-webm: 4f35f7cbe854078d1ac9338744f61a02 -> 
  custom:video-encoder-webm-vp8: eb34c28f22e8b96e1ab97ce403110664 -> 
========================================================================
Received Import Request.
  Time since last request: 53393.085671 seconds.
  path: Assets/Samples/Immersal SDK/2.1.0/Core Samples/Textures/Mapping/ui_toggle_visualization_on.psd
  artifactKey: Guid(3a48492eefa2962478a37919473b489f) Importer(815301076,1909f56bfc062723c751e8b465ee728b)
Start importing Assets/Samples/Immersal SDK/2.1.0/Core Samples/Textures/Mapping/ui_toggle_visualization_on.psd using Guid(3a48492eefa2962478a37919473b489f) Importer(815301076,1909f56bfc062723c751e8b465ee728b) [PhysX] Initialized MultithreadedTaskDispatcher with 32 workers.
[PhysX] Initialized MultithreadedTaskDispatcher with 32 workers.
 -> (artifact id: '56ce7ad72b49a5535fc506a93817cb75') in 0.090837 seconds
Number of updated asset objects reloaded before import = 0
Number of asset objects unloaded after import = 3
========================================================================
Received Import Request.
  Time since last request: 215.194773 seconds.
  path: Assets/Samples/Immersal SDK/2.1.0/Core Samples/Textures/Content Placement/pattern_noise.psd
  artifactKey: Guid(7bc335e6a797a4040bd42d451a4a97b3) Importer(815301076,1909f56bfc062723c751e8b465ee728b)
Start importing Assets/Samples/Immersal SDK/2.1.0/Core Samples/Textures/Content Placement/pattern_noise.psd using Guid(7bc335e6a797a4040bd42d451a4a97b3) Importer(815301076,1909f56bfc062723c751e8b465ee728b) [PhysX] Initialized MultithreadedTaskDispatcher with 32 workers.
[PhysX] Initialized MultithreadedTaskDispatcher with 32 workers.
 -> (artifact id: 'e69c43fbba6141406c4cd06caf29af7f') in 0.012676 seconds
Number of updated asset objects reloaded before import = 0
Number of asset objects unloaded after import = 2
========================================================================
Received Import Request.
  Time since last request: 0.000020 seconds.
  path: Assets/Samples/Immersal SDK/2.1.0/Core Samples/Fonts/Roboto Mono/RobotoMono-Regular SDF.asset
  artifactKey: Guid(38031cde6a73a6041bf49634bc2da89c) Importer(815301076,1909f56bfc062723c751e8b465ee728b)
Start importing Assets/Samples/Immersal SDK/2.1.0/Core Samples/Fonts/Roboto Mono/RobotoMono-Regular SDF.asset using Guid(38031cde6a73a6041bf49634bc2da89c) Importer(815301076,1909f56bfc062723c751e8b465ee728b) [PhysX] Initialized MultithreadedTaskDispatcher with 32 workers.
[PhysX] Initialized MultithreadedTaskDispatcher with 32 workers.
[PhysX] Initialized MultithreadedTaskDispatcher with 32 workers.
 -> (artifact id: 'bc7f6cf885660c94246e9897696b9189') in 0.182495 seconds
Number of updated asset objects reloaded before import = 0
Number of asset objects unloaded after import = 23
========================================================================
Received Import Request.
  Time since last request: 0.000025 seconds.
  path: Assets/Samples/Immersal SDK/2.1.0/Core Samples/Fonts/Roboto Mono/RobotoMono-Thin SDF.asset
  artifactKey: Guid(3aa3515b63af5b348a9d6e7d5b4c74de) Importer(815301076,1909f56bfc062723c751e8b465ee728b)
Start importing Assets/Samples/Immersal SDK/2.1.0/Core Samples/Fonts/Roboto Mono/RobotoMono-Thin SDF.asset using Guid(3aa3515b63af5b348a9d6e7d5b4c74de) Importer(815301076,1909f56bfc062723c751e8b465ee728b) [PhysX] Initialized MultithreadedTaskDispatcher with 32 workers.
[PhysX] Initialized MultithreadedTaskDispatcher with 32 workers.
[PhysX] Initialized MultithreadedTaskDispatcher with 32 workers.
 -> (artifact id: '2be6c5e64a45cbf1e337905a8cd265b1') in 0.019623 seconds
Number of updated asset objects reloaded before import = 0
Number of asset objects unloaded after import = 5
========================================================================
Received Import Request.
  Time since last request: 0.000020 seconds.
  path: Assets/Samples/Immersal SDK/2.1.0/Core Samples/Fonts/Roboto/Roboto-Medium SDF.asset
  artifactKey: Guid(15b56416980a5014ea7c6b3e07df0a56) Importer(815301076,1909f56bfc062723c751e8b465ee728b)
Start importing Assets/Samples/Immersal SDK/2.1.0/Core Samples/Fonts/Roboto/Roboto-Medium SDF.asset using Guid(15b56416980a5014ea7c6b3e07df0a56) Importer(815301076,1909f56bfc062723c751e8b465ee728b) [PhysX] Initialized MultithreadedTaskDispatcher with 32 workers.
[PhysX] Initialized MultithreadedTaskDispatcher with 32 workers.
[PhysX] Initialized MultithreadedTaskDispatcher with 32 workers.
 -> (artifact id: 'eed0610e9471f4cda198fd69f0ed24e7') in 0.021288 seconds
Number of updated asset objects reloaded before import = 0
Number of asset objects unloaded after import = 5
========================================================================
Received Import Request.
  Time since last request: 0.000017 seconds.
  path: Assets/Samples/Immersal SDK/2.1.0/Core Samples/Fonts/Roboto Mono/RobotoMono-SemiBold SDF.asset
  artifactKey: Guid(c2f631b247758c043ac7a7ef55f13586) Importer(815301076,1909f56bfc062723c751e8b465ee728b)
Start importing Assets/Samples/Immersal SDK/2.1.0/Core Samples/Fonts/Roboto Mono/RobotoMono-SemiBold SDF.asset using Guid(c2f631b247758c043ac7a7ef55f13586) Importer(815301076,1909f56bfc062723c751e8b465ee728b) [PhysX] Initialized MultithreadedTaskDispatcher with 32 workers.
[PhysX] Initialized MultithreadedTaskDispatcher with 32 workers.
[PhysX] Initialized MultithreadedTaskDispatcher with 32 workers.
 -> (artifact id: '51ea9e5c48c6520568e4721565f3c0d5') in 0.023614 seconds
Number of updated asset objects reloaded before import = 0
Number of asset objects unloaded after import = 5
========================================================================
Received Import Request.
  Time since last request: 3.066070 seconds.
  path: Assets/Samples/Immersal SDK/2.1.0/Core Samples/Textures/Content Placement/sprite_hex.psd
  artifactKey: Guid(13eda642c9fadec4c8fc347df1d86c91) Importer(815301076,1909f56bfc062723c751e8b465ee728b)
Start importing Assets/Samples/Immersal SDK/2.1.0/Core Samples/Textures/Content Placement/sprite_hex.psd using Guid(13eda642c9fadec4c8fc347df1d86c91) Importer(815301076,1909f56bfc062723c751e8b465ee728b) [PhysX] Initialized MultithreadedTaskDispatcher with 32 workers.
[PhysX] Initialized MultithreadedTaskDispatcher with 32 workers.
 -> (artifact id: 'dd2f1a87173ed19e1786533c8f273db8') in 0.010348 seconds
Number of updated asset objects reloaded before import = 0
Number of asset objects unloaded after import = 2
========================================================================
Received Import Request.
  Time since last request: 0.000016 seconds.
  path: Assets/Samples/Immersal SDK/2.1.0/Core Samples/Textures/Navigation/Graph/ui_navigation_graph_delete_waypoints.psd
  artifactKey: Guid(d438572fcb17b304fa34f1557aee2a9c) Importer(815301076,1909f56bfc062723c751e8b465ee728b)
Start importing Assets/Samples/Immersal SDK/2.1.0/Core Samples/Textures/Navigation/Graph/ui_navigation_graph_delete_waypoints.psd using Guid(d438572fcb17b304fa34f1557aee2a9c) Importer(815301076,1909f56bfc062723c751e8b465ee728b) [PhysX] Initialized MultithreadedTaskDispatcher with 32 workers.
[PhysX] Initialized MultithreadedTaskDispatcher with 32 workers.
 -> (artifact id: '2dd042393ab8804474d565a9508439ee') in 0.012158 seconds
Number of updated asset objects reloaded before import = 0
Number of asset objects unloaded after import = 3
========================================================================
Received Import Request.
  Time since last request: 13.303020 seconds.
  path: Assets/TextMesh Pro/Resources/TMP Settings.asset
  artifactKey: Guid(3f5b5dff67a942289a9defa416b206f3) Importer(815301076,1909f56bfc062723c751e8b465ee728b)
Start importing Assets/TextMesh Pro/Resources/TMP Settings.asset using Guid(3f5b5dff67a942289a9defa416b206f3) Importer(815301076,1909f56bfc062723c751e8b465ee728b) [PhysX] Initialized MultithreadedTaskDispatcher with 32 workers.
 -> (artifact id: 'c613d6b1ab0ee65088991fda6a95a2cd') in 0.015008 seconds
Number of updated asset objects reloaded before import = 0
Number of asset objects unloaded after import = 15
========================================================================
Received Import Request.
  Time since last request: 35.748991 seconds.
  path: Assets/Samples/Immersal SDK/2.1.0/Core Samples/Textures/Mapping/ui_arrow_up_64.psd
  artifactKey: Guid(eafec940a47039d409b68c3c8aff85fc) Importer(815301076,1909f56bfc062723c751e8b465ee728b)
Start importing Assets/Samples/Immersal SDK/2.1.0/Core Samples/Textures/Mapping/ui_arrow_up_64.psd using Guid(eafec940a47039d409b68c3c8aff85fc) Importer(815301076,1909f56bfc062723c751e8b465ee728b) [PhysX] Initialized MultithreadedTaskDispatcher with 32 workers.
[PhysX] Initialized MultithreadedTaskDispatcher with 32 workers.
 -> (artifact id: '8cf11fb7a81effa81ddf3eb954238977') in 0.017265 seconds
Number of updated asset objects reloaded before import = 0
Number of asset objects unloaded after import = 3
========================================================================
Received Import Request.
  Time since last request: 1.208988 seconds.
  path: Assets/Samples/Immersal SDK/2.1.0/Core Samples/Textures/Mapping/ui_axis.png
  artifactKey: Guid(d819d0633be6b594e8f2dd6ce1e1ee1f) Importer(815301076,1909f56bfc062723c751e8b465ee728b)
Start importing Assets/Samples/Immersal SDK/2.1.0/Core Samples/Textures/Mapping/ui_axis.png using Guid(d819d0633be6b594e8f2dd6ce1e1ee1f) Importer(815301076,1909f56bfc062723c751e8b465ee728b) [PhysX] Initialized MultithreadedTaskDispatcher with 32 workers.
[PhysX] Initialized MultithreadedTaskDispatcher with 32 workers.
 -> (artifact id: '43c59c83a21d3c97c36e8fa8760d4ee6') in 0.013947 seconds
Number of updated asset objects reloaded before import = 0
Number of asset objects unloaded after import = 3
========================================================================
Received Import Request.
  Time since last request: 0.000014 seconds.
  path: Assets/Samples/Immersal SDK/2.1.0/Core Samples/Textures/Util/ui_notification_success_icon.psd
  artifactKey: Guid(e48ea19341740414798806a09e86c058) Importer(815301076,1909f56bfc062723c751e8b465ee728b)
Start importing Assets/Samples/Immersal SDK/2.1.0/Core Samples/Textures/Util/ui_notification_success_icon.psd using Guid(e48ea19341740414798806a09e86c058) Importer(815301076,1909f56bfc062723c751e8b465ee728b) [PhysX] Initialized MultithreadedTaskDispatcher with 32 workers.
[PhysX] Initialized MultithreadedTaskDispatcher with 32 workers.
 -> (artifact id: '76f5d6f44c5e31d7e2dd040e952a9112') in 0.015514 seconds
Number of updated asset objects reloaded before import = 0
Number of asset objects unloaded after import = 2
========================================================================
Received Import Request.
  Time since last request: 0.000015 seconds.
  path: Assets/Samples/Immersal SDK/2.1.0/Core Samples/Textures/Util/ui_cross_64.psd
  artifactKey: Guid(1861c3b18234943feb4857bfb314ac02) Importer(815301076,1909f56bfc062723c751e8b465ee728b)
Start importing Assets/Samples/Immersal SDK/2.1.0/Core Samples/Textures/Util/ui_cross_64.psd using Guid(1861c3b18234943feb4857bfb314ac02) Importer(815301076,1909f56bfc062723c751e8b465ee728b) [PhysX] Initialized MultithreadedTaskDispatcher with 32 workers.
[PhysX] Initialized MultithreadedTaskDispatcher with 32 workers.
 -> (artifact id: '295dd3464fc612619c497d442e30b51c') in 0.012592 seconds
Number of updated asset objects reloaded before import = 0
Number of asset objects unloaded after import = 2
========================================================================
Received Import Request.
  Time since last request: 0.000016 seconds.
  path: Assets/Samples/Immersal SDK/2.1.0/Core Samples/Textures/Navigation/Graph/ui_navigation_graph_edit_waypoints.psd
  artifactKey: Guid(24cbfbb9f4bb0274ab77b526b979c0e8) Importer(815301076,1909f56bfc062723c751e8b465ee728b)
Start importing Assets/Samples/Immersal SDK/2.1.0/Core Samples/Textures/Navigation/Graph/ui_navigation_graph_edit_waypoints.psd using Guid(24cbfbb9f4bb0274ab77b526b979c0e8) Importer(815301076,1909f56bfc062723c751e8b465ee728b) [PhysX] Initialized MultithreadedTaskDispatcher with 32 workers.
[PhysX] Initialized MultithreadedTaskDispatcher with 32 workers.
 -> (artifact id: 'f1f58bfad2d9b316216db65250acd3d4') in 0.012560 seconds
Number of updated asset objects reloaded before import = 0
Number of asset objects unloaded after import = 3
========================================================================
Received Import Request.
  Time since last request: 0.000015 seconds.
  path: Assets/Samples/Immersal SDK/2.1.0/Core Samples/Textures/Mapping/ui_icon_visibility.psd
  artifactKey: Guid(9ce2ba4279a09a843839fb2548c61d7e) Importer(815301076,1909f56bfc062723c751e8b465ee728b)
Start importing Assets/Samples/Immersal SDK/2.1.0/Core Samples/Textures/Mapping/ui_icon_visibility.psd using Guid(9ce2ba4279a09a843839fb2548c61d7e) Importer(815301076,1909f56bfc062723c751e8b465ee728b) [PhysX] Initialized MultithreadedTaskDispatcher with 32 workers.
[PhysX] Initialized MultithreadedTaskDispatcher with 32 workers.
 -> (artifact id: 'e7b057f80b5b4f755a886aa24db4a7a3') in 0.011961 seconds
Number of updated asset objects reloaded before import = 0
Number of asset objects unloaded after import = 3
========================================================================
Received Import Request.
  Time since last request: 0.000019 seconds.
  path: Assets/Samples/Immersal SDK/2.1.0/Core Samples/Textures/Mapping/ui_notification_success_icon.psd
  artifactKey: Guid(12fdd5cb4d3bace4cb8cdb4a5c685408) Importer(815301076,1909f56bfc062723c751e8b465ee728b)
Start importing Assets/Samples/Immersal SDK/2.1.0/Core Samples/Textures/Mapping/ui_notification_success_icon.psd using Guid(12fdd5cb4d3bace4cb8cdb4a5c685408) Importer(815301076,1909f56bfc062723c751e8b465ee728b) [PhysX] Initialized MultithreadedTaskDispatcher with 32 workers.
[PhysX] Initialized MultithreadedTaskDispatcher with 32 workers.
 -> (artifact id: '21e42523095fc51955236d26ba737f02') in 0.011891 seconds
Number of updated asset objects reloaded before import = 0
Number of asset objects unloaded after import = 3
========================================================================
Received Import Request.
  Time since last request: 0.000015 seconds.
  path: Assets/Samples/Immersal SDK/2.1.0/Core Samples/Textures/Util/ui_progress_bar.psd
  artifactKey: Guid(8c5b842f89fe94a189404fce19806e30) Importer(815301076,1909f56bfc062723c751e8b465ee728b)
Start importing Assets/Samples/Immersal SDK/2.1.0/Core Samples/Textures/Util/ui_progress_bar.psd using Guid(8c5b842f89fe94a189404fce19806e30) Importer(815301076,1909f56bfc062723c751e8b465ee728b) [PhysX] Initialized MultithreadedTaskDispatcher with 32 workers.
[PhysX] Initialized MultithreadedTaskDispatcher with 32 workers.
 -> (artifact id: '85ba5cb20d6e8fafb9ae386e75a499ca') in 0.013489 seconds
Number of updated asset objects reloaded before import = 0
Number of asset objects unloaded after import = 3
Editor requested this worker to shutdown with reason: Scaling down because of idle timeout
TcpMessagingSession - receive error: operation aborted. errorcode: 995, details: 因為執行緒結束或應用程式要求，所以已中止 I/O 操作。
AssetImportWorker is now disconnected from the server
Process exiting
Exiting without the bug reporter. Application will terminate with return code 0