Using pre-set license
Built from '2022.3/staging' branch; Version is '2022.3.44f1 (c3ae09b9f03c) revision 12824073'; Using compiler version '192829333'; Build Type 'Release'
OS: 'Windows 11  (10.0.22631) 64bit Professional' Language: 'zh' Physical Memory: 130984 MB
BatchMode: 1, IsHumanControllingUs: 0, StartBugReporterOnCrash: 0, Is64bit: 1, IsPro: 1

COMMAND LINE ARGUMENTS:
C:\Program Files\Unity\Hub\Editor\2022.3.44f1\Editor\Unity.exe
-adb2
-batchMode
-noUpm
-name
AssetImportWorker3
-projectPath
C:/Users/jimmy_kuo/UnityProjects/VuforiaTest/VuforiaTest
-logFile
Logs/AssetImportWorker3.log
-srvPort
3609
Successfully changed project path to: C:/Users/jimmy_kuo/UnityProjects/VuforiaTest/VuforiaTest
C:/Users/jimmy_kuo/UnityProjects/VuforiaTest/VuforiaTest
[UnityMemory] Configuration Parameters - Can be set up in boot.config
    "memorysetup-bucket-allocator-granularity=16"
    "memorysetup-bucket-allocator-bucket-count=8"
    "memorysetup-bucket-allocator-block-size=33554432"
    "memorysetup-bucket-allocator-block-count=8"
    "memorysetup-main-allocator-block-size=16777216"
    "memorysetup-thread-allocator-block-size=16777216"
    "memorysetup-gfx-main-allocator-block-size=16777216"
    "memorysetup-gfx-thread-allocator-block-size=16777216"
    "memorysetup-cache-allocator-block-size=4194304"
    "memorysetup-typetree-allocator-block-size=2097152"
    "memorysetup-profiler-bucket-allocator-granularity=16"
    "memorysetup-profiler-bucket-allocator-bucket-count=8"
    "memorysetup-profiler-bucket-allocator-block-size=33554432"
    "memorysetup-profiler-bucket-allocator-block-count=8"
    "memorysetup-profiler-allocator-block-size=16777216"
    "memorysetup-profiler-editor-allocator-block-size=1048576"
    "memorysetup-temp-allocator-size-main=16777216"
    "memorysetup-job-temp-allocator-block-size=2097152"
    "memorysetup-job-temp-allocator-block-size-background=1048576"
    "memorysetup-job-temp-allocator-reduction-small-platforms=262144"
    "memorysetup-allocator-temp-initial-block-size-main=262144"
    "memorysetup-allocator-temp-initial-block-size-worker=262144"
    "memorysetup-temp-allocator-size-background-worker=32768"
    "memorysetup-temp-allocator-size-job-worker=262144"
    "memorysetup-temp-allocator-size-preload-manager=33554432"
    "memorysetup-temp-allocator-size-nav-mesh-worker=65536"
    "memorysetup-temp-allocator-size-audio-worker=65536"
    "memorysetup-temp-allocator-size-cloud-worker=32768"
    "memorysetup-temp-allocator-size-gi-baking-worker=262144"
    "memorysetup-temp-allocator-size-gfx=262144"
Player connection [35376]  Target information:

Player connection [35376]  * "[IP] 192.168.2.140 [Port] 0 [Flags] 2 [Guid] 898001307 [EditorId] 898001307 [Version] 1048832 [Id] WindowsEditor(7,DESKTOP-B8DA7PT) [Debug] 1 [PackageName] WindowsEditor [ProjectName] Editor" 

Player connection [35376] Host joined multi-casting on [225.0.0.222:54997]...
Player connection [35376] Host joined alternative multi-casting on [225.0.0.222:34997]...
[PhysX] Initialized MultithreadedTaskDispatcher with 32 workers.
Refreshing native plugins compatible for Editor in 22.11 ms, found 12 plugins.
Preloading 1 native plugins for Editor in 1.51 ms.
Initialize engine version: 2022.3.44f1 (c3ae09b9f03c)
[Subsystems] Discovering subsystems at path C:/Program Files/Unity/Hub/Editor/2022.3.44f1/Editor/Data/Resources/UnitySubsystems
[Subsystems] Discovering subsystems at path C:/Users/jimmy_kuo/UnityProjects/VuforiaTest/VuforiaTest/Assets
GfxDevice: creating device client; threaded=0; jobified=0
Direct3D:
    Version:  Direct3D 11.0 [level 11.1]
    Renderer: NVIDIA GeForce RTX 3080 Ti (ID=0x2208)
    Vendor:   NVIDIA
    VRAM:     12086 MB
    Driver:   32.0.15.6094
Initialize mono
Mono path[0] = 'C:/Program Files/Unity/Hub/Editor/2022.3.44f1/Editor/Data/Managed'
Mono path[1] = 'C:/Program Files/Unity/Hub/Editor/2022.3.44f1/Editor/Data/MonoBleedingEdge/lib/mono/unityjit-win32'
Mono config path = 'C:/Program Files/Unity/Hub/Editor/2022.3.44f1/Editor/Data/MonoBleedingEdge/etc'
Using monoOptions --debugger-agent=transport=dt_socket,embedding=1,server=y,suspend=n,address=127.0.0.1:56876
Begin MonoManager ReloadAssembly
Registering precompiled unity dll's ...
Register platform support module: C:/Program Files/Unity/Hub/Editor/2022.3.44f1/Editor/Data/PlaybackEngines/AndroidPlayer/UnityEditor.Android.Extensions.dll
Register platform support module: C:/Program Files/Unity/Hub/Editor/2022.3.44f1/Editor/Data/PlaybackEngines/WindowsStandaloneSupport/UnityEditor.WindowsStandalone.Extensions.dll
Registered in 0.005697 seconds.
- Loaded All Assemblies, in  0.265 seconds
Native extension for WindowsStandalone target not found
Native extension for Android target not found
Android Extension - Scanning For ADB Devices 172 ms
Mono: successfully reloaded assembly
- Finished resetting the current domain, in  0.370 seconds
Domain Reload Profiling: 634ms
	BeginReloadAssembly (78ms)
		ExecutionOrderSort (0ms)
		DisableScriptedObjects (0ms)
		BackupInstance (0ms)
		ReleaseScriptingObjects (0ms)
		CreateAndSetChildDomain (1ms)
	RebuildCommonClasses (26ms)
	RebuildNativeTypeToScriptingClass (7ms)
	initialDomainReloadingComplete (44ms)
	LoadAllAssembliesAndSetupDomain (109ms)
		LoadAssemblies (77ms)
		RebuildTransferFunctionScriptingTraits (0ms)
		AnalyzeDomain (107ms)
			TypeCache.Refresh (105ms)
				TypeCache.ScanAssembly (95ms)
			ScanForSourceGeneratedMonoScriptInfo (0ms)
			ResolveRequiredComponents (0ms)
	FinalizeReload (370ms)
		ReleaseScriptCaches (0ms)
		RebuildScriptCaches (0ms)
		SetupLoadedEditorAssemblies (340ms)
			LogAssemblyErrors (0ms)
			InitializePlatformSupportModulesInManaged (225ms)
			SetLoadedEditorAssemblies (3ms)
			RefreshPlugins (0ms)
			BeforeProcessingInitializeOnLoad (1ms)
			ProcessInitializeOnLoadAttributes (80ms)
			ProcessInitializeOnLoadMethodAttributes (30ms)
			AfterProcessingInitializeOnLoad (0ms)
			EditorAssembliesLoaded (0ms)
		ExecutionOrderSort2 (0ms)
		AwakeInstancesAfterBackupRestoration (0ms)
========================================================================
Worker process is ready to serve import requests
Caller must complete domain reload
Begin MonoManager ReloadAssembly
- Loaded All Assemblies, in  1.012 seconds
Native extension for WindowsStandalone target not found
Native extension for Android target not found
Package Manager log level set to [2]
[Package Manager] Server::EnsureServerProcessIsRunning -- launch failed, reason: Unity was launched with the -noUpm command-line argument
[Package Manager] UpmClient::Send -- Unable to send message (not connected to UPM process).
[Package Manager] Cannot connect to Unity Package Manager local server
Mono: successfully reloaded assembly
[Package Manager] Server::EnsureServerProcessIsRunning -- launch failed, reason: Unity was launched with the -noUpm command-line argument
[Package Manager] UpmClient::Send -- Unable to send message (not connected to UPM process).
[Package Manager] Cannot connect to Unity Package Manager local server
[Package Manager] Server::EnsureServerProcessIsRunning -- launch failed, reason: Unity was launched with the -noUpm command-line argument
[Package Manager] UpmClient::Send -- Unable to send message (not connected to UPM process).
[Package Manager] Cannot connect to Unity Package Manager local server
[Package Manager] Server::EnsureServerProcessIsRunning -- launch failed, reason: Unity was launched with the -noUpm command-line argument
[Package Manager] UpmClient::Send -- Unable to send message (not connected to UPM process).
[Package Manager] Cannot connect to Unity Package Manager local server
[Package Manager] Server::EnsureServerProcessIsRunning -- launch failed, reason: Unity was launched with the -noUpm command-line argument
[Package Manager] UpmClient::Send -- Unable to send message (not connected to UPM process).
[Package Manager] Cannot connect to Unity Package Manager local server
- Finished resetting the current domain, in  0.697 seconds
Domain Reload Profiling: 1706ms
	BeginReloadAssembly (121ms)
		ExecutionOrderSort (0ms)
		DisableScriptedObjects (4ms)
		BackupInstance (0ms)
		ReleaseScriptingObjects (0ms)
		CreateAndSetChildDomain (15ms)
	RebuildCommonClasses (24ms)
	RebuildNativeTypeToScriptingClass (7ms)
	initialDomainReloadingComplete (29ms)
	LoadAllAssembliesAndSetupDomain (828ms)
		LoadAssemblies (526ms)
		RebuildTransferFunctionScriptingTraits (0ms)
		AnalyzeDomain (375ms)
			TypeCache.Refresh (318ms)
				TypeCache.ScanAssembly (291ms)
			ScanForSourceGeneratedMonoScriptInfo (46ms)
			ResolveRequiredComponents (10ms)
	FinalizeReload (697ms)
		ReleaseScriptCaches (0ms)
		RebuildScriptCaches (0ms)
		SetupLoadedEditorAssemblies (580ms)
			LogAssemblyErrors (0ms)
			InitializePlatformSupportModulesInManaged (13ms)
			SetLoadedEditorAssemblies (4ms)
			RefreshPlugins (0ms)
			BeforeProcessingInitializeOnLoad (77ms)
			ProcessInitializeOnLoadAttributes (407ms)
			ProcessInitializeOnLoadMethodAttributes (74ms)
			AfterProcessingInitializeOnLoad (4ms)
			EditorAssembliesLoaded (0ms)
		ExecutionOrderSort2 (0ms)
		AwakeInstancesAfterBackupRestoration (4ms)
Launched and connected shader compiler UnityShaderCompiler.exe after 0.06 seconds
Refreshing native plugins compatible for Editor in 13.39 ms, found 12 plugins.
Preloading 1 native plugins for Editor in 0.04 ms.
Unloading 6909 Unused Serialized files (Serialized files now loaded: 0)
Unloading 117 unused Assets / (1.9 MB). Loaded Objects now: 7327.
Memory consumption went from 261.0 MB to 259.1 MB.
Total: 5.447400 ms (FindLiveObjects: 0.422600 ms CreateObjectMapping: 0.314400 ms MarkObjects: 4.023700 ms  DeleteObjects: 0.686100 ms)

AssetImportParameters requested are different than current active one (requested -> active):
  custom:container-demuxer-ogg: 62fdf1f143b41e24485cea50d1cbac27 -> 
  custom:framework-win-MediaFoundation: 216162199b28c13a410421893ffa2e32 -> 
  custom:container-muxer-webm: aa71ff27fc2769a1b78a27578f13a17b -> 
  custom:video-decoder-webm-vp8: 9c59270c3fd7afecdb556c50c9e8de78 -> 
  custom:SearchIndexIgnoredProperties: e643bd26f0fe6173181afceb89e7c659 -> 
  custom:AudioImporter_EditorPlatform: d09bf68614088b80899f8185d706f6e7 -> 
  custom:audio-decoder-ogg-vorbis: bf7c407c2cedff20999df2af8eb42d56 -> 
  custom:audio-encoder-webm-vorbis: bf7c407c2cedff20999df2af8eb42d56 -> 
  custom:video-codec-MediaFoundation-h265: 746d11721c4dcdbdad8f713fa42b33f4 -> 
  custom:video-decoder-ogg-theora: a1e56fd34408186e4bbccfd4996cb3dc -> 
  custom:CustomObjectIndexerAttribute: 72b91833f83ae208fae7752999fa3104 -> 
  custom:container-demuxer-webm: 4f35f7cbe854078d1ac9338744f61a02 -> 
  custom:video-encoder-webm-vp8: eb34c28f22e8b96e1ab97ce403110664 -> 
========================================================================
Received Import Request.
  Time since last request: 53206.902524 seconds.
  path: Assets/Model/Texture/ShiYouShrine_SP_Fence_MetallicSmoothness.png
  artifactKey: Guid(1df076d696f6cdc45891eb384b3db53f) Importer(815301076,1909f56bfc062723c751e8b465ee728b)
Start importing Assets/Model/Texture/ShiYouShrine_SP_Fence_MetallicSmoothness.png using Guid(1df076d696f6cdc45891eb384b3db53f) Importer(815301076,1909f56bfc062723c751e8b465ee728b) [PhysX] Initialized MultithreadedTaskDispatcher with 32 workers.
[PhysX] Initialized MultithreadedTaskDispatcher with 32 workers.
 -> (artifact id: '0f0953fea4143ef7247a50eb6c1a299c') in 0.054918 seconds
Number of updated asset objects reloaded before import = 0
Number of asset objects unloaded after import = 2
========================================================================
Received Import Request.
  Time since last request: 0.000014 seconds.
  path: Assets/Model/Texture/ShiYouShrine_SP_Rock_MetallicSmoothness.png
  artifactKey: Guid(8a660bfb19ec6ec458fe5883c0095cce) Importer(815301076,1909f56bfc062723c751e8b465ee728b)
Start importing Assets/Model/Texture/ShiYouShrine_SP_Rock_MetallicSmoothness.png using Guid(8a660bfb19ec6ec458fe5883c0095cce) Importer(815301076,1909f56bfc062723c751e8b465ee728b) [PhysX] Initialized MultithreadedTaskDispatcher with 32 workers.
[PhysX] Initialized MultithreadedTaskDispatcher with 32 workers.
 -> (artifact id: '261bb4df5e15e69b33fe2d924e159533') in 0.008347 seconds
Number of updated asset objects reloaded before import = 0
Number of asset objects unloaded after import = 2
========================================================================
Received Import Request.
  Time since last request: 0.000018 seconds.
  path: Assets/Model/Texture/westGate_mod_1003_AO.jpg
  artifactKey: Guid(50ffdfecb50ab604c92903704b1d3329) Importer(815301076,1909f56bfc062723c751e8b465ee728b)
Start importing Assets/Model/Texture/westGate_mod_1003_AO.jpg using Guid(50ffdfecb50ab604c92903704b1d3329) Importer(815301076,1909f56bfc062723c751e8b465ee728b) [PhysX] Initialized MultithreadedTaskDispatcher with 32 workers.
[PhysX] Initialized MultithreadedTaskDispatcher with 32 workers.
 -> (artifact id: '846df602e77101cc03399e1793346a74') in 0.010440 seconds
Number of updated asset objects reloaded before import = 0
Number of asset objects unloaded after import = 2
========================================================================
Received Import Request.
  Time since last request: 0.000021 seconds.
  path: Assets/Model/Texture/ShiYouShrine_SP_Shrine_AlbedoTransparency.jpg
  artifactKey: Guid(30d4301447293284faf6f2b9783ae38d) Importer(815301076,1909f56bfc062723c751e8b465ee728b)
Start importing Assets/Model/Texture/ShiYouShrine_SP_Shrine_AlbedoTransparency.jpg using Guid(30d4301447293284faf6f2b9783ae38d) Importer(815301076,1909f56bfc062723c751e8b465ee728b) [PhysX] Initialized MultithreadedTaskDispatcher with 32 workers.
[PhysX] Initialized MultithreadedTaskDispatcher with 32 workers.
 -> (artifact id: 'b992a72e0201b90bb4f6d1a26da5b136') in 0.015771 seconds
Number of updated asset objects reloaded before import = 0
Number of asset objects unloaded after import = 2
========================================================================
Received Import Request.
  Time since last request: 0.000012 seconds.
  path: Assets/Model/Texture/T_enterGround.png
  artifactKey: Guid(0872586ec3fae3d4ca254278ce5bd382) Importer(815301076,1909f56bfc062723c751e8b465ee728b)
Start importing Assets/Model/Texture/T_enterGround.png using Guid(0872586ec3fae3d4ca254278ce5bd382) Importer(815301076,1909f56bfc062723c751e8b465ee728b) [PhysX] Initialized MultithreadedTaskDispatcher with 32 workers.
[PhysX] Initialized MultithreadedTaskDispatcher with 32 workers.
 -> (artifact id: 'ca94699ba03a3c8f42115afbe7d47b32') in 0.008998 seconds
Number of updated asset objects reloaded before import = 0
Number of asset objects unloaded after import = 2
========================================================================
Received Import Request.
  Time since last request: 0.000012 seconds.
  path: Assets/Model/Texture/T_Ground_Normal.png
  artifactKey: Guid(7a32d3b11a80ee94ea541b43be2aa4dc) Importer(815301076,1909f56bfc062723c751e8b465ee728b)
Start importing Assets/Model/Texture/T_Ground_Normal.png using Guid(7a32d3b11a80ee94ea541b43be2aa4dc) Importer(815301076,1909f56bfc062723c751e8b465ee728b) [PhysX] Initialized MultithreadedTaskDispatcher with 32 workers.
[PhysX] Initialized MultithreadedTaskDispatcher with 32 workers.
 -> (artifact id: '02233e409437ee0c268584b9e10371e0') in 0.037583 seconds
Number of updated asset objects reloaded before import = 0
Number of asset objects unloaded after import = 2
========================================================================
Received Import Request.
  Time since last request: 0.000017 seconds.
  path: Assets/Model/Texture/westGate_mod_1003_Normal.jpg
  artifactKey: Guid(6ddf6f10111f4e9419ecc016673d0af0) Importer(815301076,1909f56bfc062723c751e8b465ee728b)
Start importing Assets/Model/Texture/westGate_mod_1003_Normal.jpg using Guid(6ddf6f10111f4e9419ecc016673d0af0) Importer(815301076,1909f56bfc062723c751e8b465ee728b) [PhysX] Initialized MultithreadedTaskDispatcher with 32 workers.
[PhysX] Initialized MultithreadedTaskDispatcher with 32 workers.
 -> (artifact id: 'acfc6d42ca5b63c3e7613471fb251f48') in 0.012980 seconds
Number of updated asset objects reloaded before import = 0
Number of asset objects unloaded after import = 2
========================================================================
Received Import Request.
  Time since last request: 0.000016 seconds.
  path: Assets/Model/Texture/ShiYouShrine_SP_Shrine_AO.jpg
  artifactKey: Guid(14397a1c0cfc5fb4eb6c450945f87172) Importer(815301076,1909f56bfc062723c751e8b465ee728b)
Start importing Assets/Model/Texture/ShiYouShrine_SP_Shrine_AO.jpg using Guid(14397a1c0cfc5fb4eb6c450945f87172) Importer(815301076,1909f56bfc062723c751e8b465ee728b) [PhysX] Initialized MultithreadedTaskDispatcher with 32 workers.
[PhysX] Initialized MultithreadedTaskDispatcher with 32 workers.
 -> (artifact id: '06af985dff82867bbf35db72c8b67750') in 0.015606 seconds
Number of updated asset objects reloaded before import = 0
Number of asset objects unloaded after import = 2
========================================================================
Received Import Request.
  Time since last request: 0.000015 seconds.
  path: Assets/Model/Texture/T_ShiYouShrine_ground_Normal.png
  artifactKey: Guid(5d492b6f59397a24aa26c46256b6a194) Importer(815301076,1909f56bfc062723c751e8b465ee728b)
Start importing Assets/Model/Texture/T_ShiYouShrine_ground_Normal.png using Guid(5d492b6f59397a24aa26c46256b6a194) Importer(815301076,1909f56bfc062723c751e8b465ee728b) [PhysX] Initialized MultithreadedTaskDispatcher with 32 workers.
[PhysX] Initialized MultithreadedTaskDispatcher with 32 workers.
 -> (artifact id: '797e130ed84eca1ca4550df816a19838') in 0.009619 seconds
Number of updated asset objects reloaded before import = 0
Number of asset objects unloaded after import = 2
========================================================================
Received Import Request.
  Time since last request: 1.016026 seconds.
  path: Assets/Model/Material/M_Ground.mat
  artifactKey: Guid(41a6d0ac3a924ba46bd93ea8c869421c) Importer(815301076,1909f56bfc062723c751e8b465ee728b)
Start importing Assets/Model/Material/M_Ground.mat using Guid(41a6d0ac3a924ba46bd93ea8c869421c) Importer(815301076,1909f56bfc062723c751e8b465ee728b) [PhysX] Initialized MultithreadedTaskDispatcher with 32 workers.
[PhysX] Initialized MultithreadedTaskDispatcher with 32 workers.
 -> (artifact id: '37c721d8ec97b71cc2834a97d5a56ebe') in 0.205273 seconds
Number of updated asset objects reloaded before import = 0
Number of asset objects unloaded after import = 22
========================================================================
Received Import Request.
  Time since last request: 28.495692 seconds.
  path: Assets/Model/Texture/westGate_mod_1012_MetallicSmoothness.png
  artifactKey: Guid(e083cb1560f91e84c85c0ea3273115f0) Importer(815301076,1909f56bfc062723c751e8b465ee728b)
Start importing Assets/Model/Texture/westGate_mod_1012_MetallicSmoothness.png using Guid(e083cb1560f91e84c85c0ea3273115f0) Importer(815301076,1909f56bfc062723c751e8b465ee728b) [PhysX] Initialized MultithreadedTaskDispatcher with 32 workers.
[PhysX] Initialized MultithreadedTaskDispatcher with 32 workers.
 -> (artifact id: 'fca4200736dea2a4c29878a4203ba3c2') in 0.012313 seconds
Number of updated asset objects reloaded before import = 0
Number of asset objects unloaded after import = 2
========================================================================
Received Import Request.
  Time since last request: 0.000020 seconds.
  path: Assets/Model/Texture/westGate_mod_1014_MetallicSmoothness.png
  artifactKey: Guid(dfb1ba9cdf8cc084dad0e2ce04cb7e29) Importer(815301076,1909f56bfc062723c751e8b465ee728b)
Start importing Assets/Model/Texture/westGate_mod_1014_MetallicSmoothness.png using Guid(dfb1ba9cdf8cc084dad0e2ce04cb7e29) Importer(815301076,1909f56bfc062723c751e8b465ee728b) [PhysX] Initialized MultithreadedTaskDispatcher with 32 workers.
[PhysX] Initialized MultithreadedTaskDispatcher with 32 workers.
 -> (artifact id: '1b7f5e7fe754342b4c8baf2c29c392be') in 0.010584 seconds
Number of updated asset objects reloaded before import = 0
Number of asset objects unloaded after import = 2
========================================================================
Received Import Request.
  Time since last request: 0.000014 seconds.
  path: Assets/Model/Texture/westGate_mod_1014_AO.jpg
  artifactKey: Guid(ffbbfe053a5f3274eba7a4aa043b0e5e) Importer(815301076,1909f56bfc062723c751e8b465ee728b)
Start importing Assets/Model/Texture/westGate_mod_1014_AO.jpg using Guid(ffbbfe053a5f3274eba7a4aa043b0e5e) Importer(815301076,1909f56bfc062723c751e8b465ee728b) [PhysX] Initialized MultithreadedTaskDispatcher with 32 workers.
[PhysX] Initialized MultithreadedTaskDispatcher with 32 workers.
 -> (artifact id: 'bd546c395390ee75b2bb7e33746a0ca0') in 0.014822 seconds
Number of updated asset objects reloaded before import = 0
Number of asset objects unloaded after import = 2
========================================================================
Received Import Request.
  Time since last request: 0.000017 seconds.
  path: Assets/Model/Texture/WestGateWall_SP_1004_AO.jpg
  artifactKey: Guid(1f61036ba10e09944ab2c183b894785b) Importer(815301076,1909f56bfc062723c751e8b465ee728b)
Start importing Assets/Model/Texture/WestGateWall_SP_1004_AO.jpg using Guid(1f61036ba10e09944ab2c183b894785b) Importer(815301076,1909f56bfc062723c751e8b465ee728b) [PhysX] Initialized MultithreadedTaskDispatcher with 32 workers.
[PhysX] Initialized MultithreadedTaskDispatcher with 32 workers.
 -> (artifact id: '740fa560fb55eb8913b076fbc9e37973') in 0.012353 seconds
Number of updated asset objects reloaded before import = 0
Number of asset objects unloaded after import = 2
========================================================================
Received Import Request.
  Time since last request: 0.000019 seconds.
  path: Assets/Model/Texture/WestGateWall_SP_1004_MetallicSmoothness.png
  artifactKey: Guid(01735264a34543548b8cee5618743785) Importer(815301076,1909f56bfc062723c751e8b465ee728b)
Start importing Assets/Model/Texture/WestGateWall_SP_1004_MetallicSmoothness.png using Guid(01735264a34543548b8cee5618743785) Importer(815301076,1909f56bfc062723c751e8b465ee728b) [PhysX] Initialized MultithreadedTaskDispatcher with 32 workers.
[PhysX] Initialized MultithreadedTaskDispatcher with 32 workers.
 -> (artifact id: '5ba365fb822255913eab614dde9f8fec') in 0.006226 seconds
Number of updated asset objects reloaded before import = 0
Number of asset objects unloaded after import = 2
========================================================================
Received Import Request.
  Time since last request: 0.000027 seconds.
  path: Assets/Model/Texture/westGate_mod_1014_AlbedoTransparency.jpg
  artifactKey: Guid(cae6ab83a40534340b35029761e7c9f5) Importer(815301076,1909f56bfc062723c751e8b465ee728b)
Start importing Assets/Model/Texture/westGate_mod_1014_AlbedoTransparency.jpg using Guid(cae6ab83a40534340b35029761e7c9f5) Importer(815301076,1909f56bfc062723c751e8b465ee728b) [PhysX] Initialized MultithreadedTaskDispatcher with 32 workers.
[PhysX] Initialized MultithreadedTaskDispatcher with 32 workers.
 -> (artifact id: 'bdb7741555a7c0ca96fdf393f621899b') in 0.013267 seconds
Number of updated asset objects reloaded before import = 0
Number of asset objects unloaded after import = 2
========================================================================
Received Import Request.
  Time since last request: 0.000022 seconds.
  path: Assets/Model/Texture/WestGateWall_SP_1001_Normal.jpg
  artifactKey: Guid(c0a85eaef4ca841469b3ecf1adc4c4c5) Importer(815301076,1909f56bfc062723c751e8b465ee728b)
Start importing Assets/Model/Texture/WestGateWall_SP_1001_Normal.jpg using Guid(c0a85eaef4ca841469b3ecf1adc4c4c5) Importer(815301076,1909f56bfc062723c751e8b465ee728b) [PhysX] Initialized MultithreadedTaskDispatcher with 32 workers.
[PhysX] Initialized MultithreadedTaskDispatcher with 32 workers.
 -> (artifact id: '19031f646d6250ed5ddf24e1ead59b22') in 0.014186 seconds
Number of updated asset objects reloaded before import = 0
Number of asset objects unloaded after import = 2
========================================================================
Received Import Request.
  Time since last request: 0.000017 seconds.
  path: Assets/Model/Texture/WestGateWall_SP_1002_AO.jpg
  artifactKey: Guid(f58296207ab32fc4785f3af6ebe10f62) Importer(815301076,1909f56bfc062723c751e8b465ee728b)
Start importing Assets/Model/Texture/WestGateWall_SP_1002_AO.jpg using Guid(f58296207ab32fc4785f3af6ebe10f62) Importer(815301076,1909f56bfc062723c751e8b465ee728b) [PhysX] Initialized MultithreadedTaskDispatcher with 32 workers.
[PhysX] Initialized MultithreadedTaskDispatcher with 32 workers.
 -> (artifact id: 'd4b04cb3ed5d5ab343b61a4010ce60f8') in 0.013289 seconds
Number of updated asset objects reloaded before import = 0
Number of asset objects unloaded after import = 2
========================================================================
Received Import Request.
  Time since last request: 0.000018 seconds.
  path: Assets/Model/Texture/WestGateWall_SP_1001_MetallicSmoothness.png
  artifactKey: Guid(1c5612c794fa5214586feda8d2b1ceee) Importer(815301076,1909f56bfc062723c751e8b465ee728b)
Start importing Assets/Model/Texture/WestGateWall_SP_1001_MetallicSmoothness.png using Guid(1c5612c794fa5214586feda8d2b1ceee) Importer(815301076,1909f56bfc062723c751e8b465ee728b) [PhysX] Initialized MultithreadedTaskDispatcher with 32 workers.
[PhysX] Initialized MultithreadedTaskDispatcher with 32 workers.
 -> (artifact id: '1d815280c603b2abf0d303969314f6cb') in 0.010603 seconds
Number of updated asset objects reloaded before import = 0
Number of asset objects unloaded after import = 2
========================================================================
Received Import Request.
  Time since last request: 0.991334 seconds.
  path: Assets/Model/Texture/WestGateWall_SP_1005_Normal.jpg
  artifactKey: Guid(13c5df53553835545a9ded16cf8819f4) Importer(815301076,1909f56bfc062723c751e8b465ee728b)
Start importing Assets/Model/Texture/WestGateWall_SP_1005_Normal.jpg using Guid(13c5df53553835545a9ded16cf8819f4) Importer(815301076,1909f56bfc062723c751e8b465ee728b) [PhysX] Initialized MultithreadedTaskDispatcher with 32 workers.
[PhysX] Initialized MultithreadedTaskDispatcher with 32 workers.
 -> (artifact id: '9c34a8d1824a15c3e67a2e6eb1a96a07') in 0.009560 seconds
Number of updated asset objects reloaded before import = 0
Number of asset objects unloaded after import = 2
========================================================================
Received Import Request.
  Time since last request: 0.000016 seconds.
  path: Assets/Model/Texture/WestGateWall_SP_1006_Normal.jpg
  artifactKey: Guid(37aba5ea72ef4be4595819cf50e55a1f) Importer(815301076,1909f56bfc062723c751e8b465ee728b)
Start importing Assets/Model/Texture/WestGateWall_SP_1006_Normal.jpg using Guid(37aba5ea72ef4be4595819cf50e55a1f) Importer(815301076,1909f56bfc062723c751e8b465ee728b) [PhysX] Initialized MultithreadedTaskDispatcher with 32 workers.
[PhysX] Initialized MultithreadedTaskDispatcher with 32 workers.
 -> (artifact id: '969ffc7cc4829337505d885cce85f4c6') in 0.011305 seconds
Number of updated asset objects reloaded before import = 0
Number of asset objects unloaded after import = 2
========================================================================
Received Import Request.
  Time since last request: 0.007044 seconds.
  path: Assets/Model/Texture/WestGateWall_SP_1007_Normal.jpg
  artifactKey: Guid(bf2f2aa246613f443a597ed4811d412c) Importer(815301076,1909f56bfc062723c751e8b465ee728b)
Start importing Assets/Model/Texture/WestGateWall_SP_1007_Normal.jpg using Guid(bf2f2aa246613f443a597ed4811d412c) Importer(815301076,1909f56bfc062723c751e8b465ee728b) [PhysX] Initialized MultithreadedTaskDispatcher with 32 workers.
[PhysX] Initialized MultithreadedTaskDispatcher with 32 workers.
 -> (artifact id: 'e0b7022ab230411ba486310e1cda10c1') in 0.010458 seconds
Number of updated asset objects reloaded before import = 0
Number of asset objects unloaded after import = 2
========================================================================
Received Import Request.
  Time since last request: 0.000018 seconds.
  path: Assets/Model/Texture/WestGateWall_SP_1008_MetallicSmoothness.png
  artifactKey: Guid(bfe4653ff9b5df04e9811a5924da0165) Importer(815301076,1909f56bfc062723c751e8b465ee728b)
Start importing Assets/Model/Texture/WestGateWall_SP_1008_MetallicSmoothness.png using Guid(bfe4653ff9b5df04e9811a5924da0165) Importer(815301076,1909f56bfc062723c751e8b465ee728b) [PhysX] Initialized MultithreadedTaskDispatcher with 32 workers.
[PhysX] Initialized MultithreadedTaskDispatcher with 32 workers.
 -> (artifact id: 'c9d1c07704684bf4ff49179cb027ba18') in 0.005245 seconds
Number of updated asset objects reloaded before import = 0
Number of asset objects unloaded after import = 2
========================================================================
Received Import Request.
  Time since last request: 0.011060 seconds.
  path: Assets/Model/Texture/WestGateWall_SP_1009_Normal.jpg
  artifactKey: Guid(bff78141b03541841b0a19f211708c0e) Importer(815301076,1909f56bfc062723c751e8b465ee728b)
Start importing Assets/Model/Texture/WestGateWall_SP_1009_Normal.jpg using Guid(bff78141b03541841b0a19f211708c0e) Importer(815301076,1909f56bfc062723c751e8b465ee728b) [PhysX] Initialized MultithreadedTaskDispatcher with 32 workers.
[PhysX] Initialized MultithreadedTaskDispatcher with 32 workers.
 -> (artifact id: '35ed6b3228ca7878d6cacabed5e89ffe') in 0.008890 seconds
Number of updated asset objects reloaded before import = 0
Number of asset objects unloaded after import = 2
========================================================================
Received Import Request.
  Time since last request: 0.000017 seconds.
  path: Assets/Model/Texture/WestGateWall_SP_1010_AO.jpg
  artifactKey: Guid(3a121de68fdb28b4a889e174b96a1c6b) Importer(815301076,1909f56bfc062723c751e8b465ee728b)
Start importing Assets/Model/Texture/WestGateWall_SP_1010_AO.jpg using Guid(3a121de68fdb28b4a889e174b96a1c6b) Importer(815301076,1909f56bfc062723c751e8b465ee728b) [PhysX] Initialized MultithreadedTaskDispatcher with 32 workers.
[PhysX] Initialized MultithreadedTaskDispatcher with 32 workers.
 -> (artifact id: 'ab6c84ad773c6b03fa891bb7f2b0daa6') in 0.008999 seconds
Number of updated asset objects reloaded before import = 0
Number of asset objects unloaded after import = 2
========================================================================
Received Import Request.
  Time since last request: 0.277787 seconds.
  path: Assets/Model/Texture/WestGateWall_SP_1011_Normal.jpg
  artifactKey: Guid(9f0b8d6097241244c95baf1ea3494714) Importer(815301076,1909f56bfc062723c751e8b465ee728b)
Start importing Assets/Model/Texture/WestGateWall_SP_1011_Normal.jpg using Guid(9f0b8d6097241244c95baf1ea3494714) Importer(815301076,1909f56bfc062723c751e8b465ee728b) [PhysX] Initialized MultithreadedTaskDispatcher with 32 workers.
[PhysX] Initialized MultithreadedTaskDispatcher with 32 workers.
 -> (artifact id: '7c71327d7b1a1a30bb5e5970f0274aea') in 0.010923 seconds
Number of updated asset objects reloaded before import = 0
Number of asset objects unloaded after import = 2
========================================================================
Received Import Request.
  Time since last request: 0.853394 seconds.
  path: Assets/Model/Texture/westGate_mod_1005_Normal.jpg
  artifactKey: Guid(b1a57fb175e37334e91879bfe943b6f7) Importer(815301076,1909f56bfc062723c751e8b465ee728b)
Start importing Assets/Model/Texture/westGate_mod_1005_Normal.jpg using Guid(b1a57fb175e37334e91879bfe943b6f7) Importer(815301076,1909f56bfc062723c751e8b465ee728b) [PhysX] Initialized MultithreadedTaskDispatcher with 32 workers.
[PhysX] Initialized MultithreadedTaskDispatcher with 32 workers.
 -> (artifact id: '68f4b897b19d8e32c82a43f2a18a1e4b') in 0.011910 seconds
Number of updated asset objects reloaded before import = 0
Number of asset objects unloaded after import = 2
========================================================================
Received Import Request.
  Time since last request: 45.228943 seconds.
  path: Assets/Samples/Immersal SDK/2.1.0/Core Samples/Textures/Content Placement/cayley_interior_1k.hdr
  artifactKey: Guid(d2cb5026c7f5e4e49b75a8e8f6958b60) Importer(815301076,1909f56bfc062723c751e8b465ee728b)
Start importing Assets/Samples/Immersal SDK/2.1.0/Core Samples/Textures/Content Placement/cayley_interior_1k.hdr using Guid(d2cb5026c7f5e4e49b75a8e8f6958b60) Importer(815301076,1909f56bfc062723c751e8b465ee728b) [PhysX] Initialized MultithreadedTaskDispatcher with 32 workers.
[PhysX] Initialized MultithreadedTaskDispatcher with 32 workers.
[PhysX] Initialized MultithreadedTaskDispatcher with 32 workers.
 -> (artifact id: '464fabbc14c3e017d7ed772bfa071956') in 0.023190 seconds
Number of updated asset objects reloaded before import = 0
Number of asset objects unloaded after import = 2
========================================================================
Received Import Request.
  Time since last request: 0.000019 seconds.
  path: Assets/Samples/Immersal SDK/2.1.0/Core Samples/Textures/Util/icon_toggle_off.psd
  artifactKey: Guid(f2377839b6ec34355b7df9be942f29bd) Importer(815301076,1909f56bfc062723c751e8b465ee728b)
Start importing Assets/Samples/Immersal SDK/2.1.0/Core Samples/Textures/Util/icon_toggle_off.psd using Guid(f2377839b6ec34355b7df9be942f29bd) Importer(815301076,1909f56bfc062723c751e8b465ee728b) [PhysX] Initialized MultithreadedTaskDispatcher with 32 workers.
[PhysX] Initialized MultithreadedTaskDispatcher with 32 workers.
 -> (artifact id: '3686ef31df66b35e91a22b726ff0b008') in 0.016368 seconds
Number of updated asset objects reloaded before import = 0
Number of asset objects unloaded after import = 2
========================================================================
Received Import Request.
  Time since last request: 0.000031 seconds.
  path: Assets/Samples/Immersal SDK/2.1.0/Core Samples/Textures/Mapping/AppStore/logo_immersal.psd
  artifactKey: Guid(1c01768e80b8f4119b9a652e560ff653) Importer(815301076,1909f56bfc062723c751e8b465ee728b)
Start importing Assets/Samples/Immersal SDK/2.1.0/Core Samples/Textures/Mapping/AppStore/logo_immersal.psd using Guid(1c01768e80b8f4119b9a652e560ff653) Importer(815301076,1909f56bfc062723c751e8b465ee728b) [PhysX] Initialized MultithreadedTaskDispatcher with 32 workers.
[PhysX] Initialized MultithreadedTaskDispatcher with 32 workers.
 -> (artifact id: '82911ca97a7e1020fdc9719194727986') in 0.019265 seconds
Number of updated asset objects reloaded before import = 0
Number of asset objects unloaded after import = 3
========================================================================
Received Import Request.
  Time since last request: 0.000017 seconds.
  path: Assets/TextMesh Pro/Resources/Fonts & Materials/LiberationSans SDF - Fallback.asset
  artifactKey: Guid(2e498d1c8094910479dc3e1b768306a4) Importer(815301076,1909f56bfc062723c751e8b465ee728b)
Start importing Assets/TextMesh Pro/Resources/Fonts & Materials/LiberationSans SDF - Fallback.asset using Guid(2e498d1c8094910479dc3e1b768306a4) Importer(815301076,1909f56bfc062723c751e8b465ee728b) [PhysX] Initialized MultithreadedTaskDispatcher with 32 workers.
[PhysX] Initialized MultithreadedTaskDispatcher with 32 workers.
[PhysX] Initialized MultithreadedTaskDispatcher with 32 workers.
 -> (artifact id: '49aeee96807255f35ee9c380d40dde60') in 0.024197 seconds
Number of updated asset objects reloaded before import = 0
Number of asset objects unloaded after import = 7
========================================================================
Received Import Request.
  Time since last request: 0.000017 seconds.
  path: Assets/Samples/Immersal SDK/2.1.0/Core Samples/Textures/Navigation/navigation_targets_list.psd
  artifactKey: Guid(8134afc874eee5840ac83c960cc749e2) Importer(815301076,1909f56bfc062723c751e8b465ee728b)
Start importing Assets/Samples/Immersal SDK/2.1.0/Core Samples/Textures/Navigation/navigation_targets_list.psd using Guid(8134afc874eee5840ac83c960cc749e2) Importer(815301076,1909f56bfc062723c751e8b465ee728b) [PhysX] Initialized MultithreadedTaskDispatcher with 32 workers.
[PhysX] Initialized MultithreadedTaskDispatcher with 32 workers.
 -> (artifact id: 'f991b1ba0b8d56a9a18c9c1cc5b394e1') in 0.011499 seconds
Number of updated asset objects reloaded before import = 0
Number of asset objects unloaded after import = 3
========================================================================
Received Import Request.
  Time since last request: 0.000016 seconds.
  path: Assets/Samples/Immersal SDK/2.1.0/Core Samples/Textures/Navigation/Graph/icon_drag.psd
  artifactKey: Guid(dd25ad7920206044cb2b8e2ee7562b5d) Importer(815301076,1909f56bfc062723c751e8b465ee728b)
Start importing Assets/Samples/Immersal SDK/2.1.0/Core Samples/Textures/Navigation/Graph/icon_drag.psd using Guid(dd25ad7920206044cb2b8e2ee7562b5d) Importer(815301076,1909f56bfc062723c751e8b465ee728b) [PhysX] Initialized MultithreadedTaskDispatcher with 32 workers.
[PhysX] Initialized MultithreadedTaskDispatcher with 32 workers.
 -> (artifact id: 'e9c04a824dfdfc4ee78a483398cef6a8') in 0.012496 seconds
Number of updated asset objects reloaded before import = 0
Number of asset objects unloaded after import = 2
========================================================================
Received Import Request.
  Time since last request: 0.000016 seconds.
  path: Assets/Samples/Immersal SDK/2.1.0/Core Samples/Fonts/LiberationSans/LiberationSans SDF DebugConsole.asset
  artifactKey: Guid(faedf4e49540105449e88d992595e85a) Importer(815301076,1909f56bfc062723c751e8b465ee728b)
Start importing Assets/Samples/Immersal SDK/2.1.0/Core Samples/Fonts/LiberationSans/LiberationSans SDF DebugConsole.asset using Guid(faedf4e49540105449e88d992595e85a) Importer(815301076,1909f56bfc062723c751e8b465ee728b) [PhysX] Initialized MultithreadedTaskDispatcher with 32 workers.
[PhysX] Initialized MultithreadedTaskDispatcher with 32 workers.
[PhysX] Initialized MultithreadedTaskDispatcher with 32 workers.
 -> (artifact id: '642f6b32bfc51875a669afb7eed25aa7') in 0.070296 seconds
Number of updated asset objects reloaded before import = 0
Number of asset objects unloaded after import = 10
========================================================================
Received Import Request.
  Time since last request: 0.000017 seconds.
  path: Assets/Samples/Immersal SDK/2.1.0/Core Samples/Textures/Util/icon_ar_app.psd
  artifactKey: Guid(a2f8cdbfc5b9c4164a227835e57331cb) Importer(815301076,1909f56bfc062723c751e8b465ee728b)
Start importing Assets/Samples/Immersal SDK/2.1.0/Core Samples/Textures/Util/icon_ar_app.psd using Guid(a2f8cdbfc5b9c4164a227835e57331cb) Importer(815301076,1909f56bfc062723c751e8b465ee728b) [PhysX] Initialized MultithreadedTaskDispatcher with 32 workers.
[PhysX] Initialized MultithreadedTaskDispatcher with 32 workers.
 -> (artifact id: '728d69638a540fe063c60b6ff55b6bc5') in 0.013857 seconds
Number of updated asset objects reloaded before import = 0
Number of asset objects unloaded after import = 3
Editor requested this worker to shutdown with reason: Scaling down because of idle timeout
TcpMessagingSession - receive error: operation aborted. errorcode: 995, details: 因為執行緒結束或應用程式要求，所以已中止 I/O 操作。
AssetImportWorker is now disconnected from the server
Process exiting
Exiting without the bug reporter. Application will terminate with return code 0